<?xml version="1.0" encoding="UTF-8"?>
<!-- Generated by org.testng.reporters.JUnitReportReporter -->
<testsuite hostname="ZED_BOOK" name="TestSript.NewTest" tests="2" failures="0" timestamp="25 Jun 2019 05:10:26 GMT" time="115.044" errors="0">
  <testcase name="SearchTest" time="85.017" classname="TestSript.NewTest"/>
  <testcase name="addEmp" time="30.027" classname="TestSript.NewTest"/>
</testsuite> <!-- TestSript.NewTest -->
