<?xml version="1.0" encoding="UTF-8"?>
<!-- Generated by org.testng.reporters.JUnitReportReporter -->
<testsuite hostname="ZED_BOOK" name="Tetsng.Data_driven" tests="1" failures="0" timestamp="17 Jun 2019 05:22:44 GMT" time="0.212" errors="0">
  <testcase name="login" time="0.212" classname="Tetsng.Data_driven"/>
</testsuite> <!-- Tetsng.Data_driven -->
