<?xml version="1.0" encoding="UTF-8"?>
<!-- Generated by org.testng.reporters.JUnitReportReporter -->
<testsuite hostname="ZED_BOOK" name="Tetsng.Data_register" tests="1" failures="0" timestamp="9 Apr 2019 13:05:38 GMT" time="92.525" errors="0">
  <testcase name="register" time="92.525" classname="Tetsng.Data_register"/>
</testsuite> <!-- Tetsng.Data_register -->
