<?xml version="1.0" encoding="UTF-8"?>
<!-- Generated by org.testng.reporters.JUnitReportReporter -->
<testsuite hostname="ZED_BOOK" name="Testscript.TestScript" tests="2" failures="0" timestamp="14 Apr 2019 04:58:42 GMT" time="86.911" errors="0">
  <testcase name="profile" time="48.938" classname="Testscript.TestScript"/>
  <testcase name="Book" time="37.973" classname="Testscript.TestScript"/>
</testsuite> <!-- Testscript.TestScript -->
