<?xml version="1.0" encoding="UTF-8"?>
<!-- Generated by org.testng.reporters.JUnitReportReporter -->
<testsuite hostname="ZED_BOOK" name="Tetsng.NewTest" tests="2" failures="0" timestamp="4 Apr 2019 10:03:03 GMT" time="1.080" errors="0">
  <testcase name="Login" time="0.984" classname="Tetsng.NewTest"/>
  <testcase name="f" time="0.096" classname="Tetsng.NewTest"/>
</testsuite> <!-- Tetsng.NewTest -->
