<?xml version="1.0" encoding="UTF-8"?>
<!-- Generated by org.testng.reporters.JUnitReportReporter -->
<testsuite hostname="ZED_BOOK" name="Tetsng.Newtour2" tests="2" failures="0" timestamp="4 Apr 2019 16:24:16 GMT" time="162.676" errors="0">
  <testcase name="login" time="132.446" classname="Tetsng.Newtour2"/>
  <testcase name="register" time="30.230" classname="Tetsng.Newtour2"/>
</testsuite> <!-- Tetsng.Newtour2 -->
